12:19:21 NEW 0000 - Experiment start 
12:19:21     0310 - Successfully opened DCE serial connection 
12:19:22 ERR 1303 - Failed to send command to DCE - serial port not open
12:19:46 NEW 0000 - Experiment start 
12:19:46     0310 - Successfully opened DCE serial connection 
12:19:47 ERR 1303 - Failed to send command to DCE - serial port not open
12:21:10 NEW 0000 - Experiment start 
12:21:10     0310 - Successfully opened DCE serial connection 
12:21:10     0303 - Successfully sent command to DCE - 0xec 0x04 0xfe 0x00 0x04
12:21:10     0311 - Confirmed DCE Startup 
12:21:10 STP 0001 - Experiment end 
12:25:06 NEW 0000 - Experiment start 
12:25:06     0310 - Successfully opened DCE serial connection 
12:25:07     0303 - Successfully sent command to DCE - 0xec 0x04 0xfe 0x00 0x04
12:25:07     0311 - Confirmed DCE Startup 
12:25:07 STP 0001 - Experiment end 
12:32:37 NEW 0000 - Experiment start 
12:32:37     0310 - Successfully opened DCE serial connection 
12:32:37     0303 - Successfully sent command to DCE - 0xec 0x04 0xfe 0x00 0x04
12:32:38 ERR 1311 - Failed to confirm DCE startup1350 - Failed to initalize IMU - DCE failed to supply correct values from HR_RUN_COUNT
12:32:38     0301 - Requested speed command 
12:32:38     0303 - Successfully sent command to DCE - 0xEB 0x00 0x00 0x00 0x0B 0x07 0x0A 0x01 0x00 0x00 0x00 0x00 0x00 0x00 0x00 0x00
12:32:38 STP 0002 - Known error occurred - experiment safely terminated early 
12:34:28 NEW 0000 - Experiment start 
12:34:28     0310 - Successfully opened DCE serial connection 
12:34:28     0303 - Successfully sent command to DCE - 0xec 0x04 0xfe 0x00 0x04
12:34:29 ERR 1311 - Failed to confirm DCE startup
12:34:29     0301 - Requested speed command 
12:34:29     0303 - Successfully sent command to DCE - 0xEB 0x00 0x00 0x00 0x0B 0x07 0x0A 0x01 0x00 0x00 0x00 0x00 0x00 0x00 0x00 0x00
12:34:29 STP 0002 - Known error occurred - experiment safely terminated early 
12:35:02 NEW 0000 - Experiment start 
12:35:02     0310 - Successfully opened DCE serial connection 
12:35:02     0303 - Successfully sent command to DCE - 0xec 0x04 0xfe 0x00 0x04
12:35:03 ERR 1311 - Failed to confirm DCE startup
12:35:03     0301 - Requested speed command 
12:35:03     0303 - Successfully sent command to DCE - 0xEB 0x00 0x00 0x00 0x0B 0x07 0x0A 0x01 0x00 0x00 0x00 0x00 0x00 0x00 0x00 0x00
12:35:03 STP 0002 - Known error occurred - experiment safely terminated early 
12:35:35 NEW 0000 - Experiment start 
12:35:35     0310 - Successfully opened DCE serial connection 
12:35:36     0303 - Successfully sent command to DCE - 0xec 0x04 0xfe 0x00 0x04
12:35:37 ERR 1311 - Failed to confirm DCE startup - DCE failed to supply correct values from HR_RUN_COUNT
12:35:37     0301 - Requested speed command 
12:35:37     0303 - Successfully sent command to DCE - 0xEB 0x00 0x00 0x00 0x0B 0x07 0x0A 0x01 0x00 0x00 0x00 0x00 0x00 0x00 0x00 0x00
12:35:37 STP 0002 - Known error occurred - experiment safely terminated early 
12:58:39 NEW 0000 - Experiment start 
12:58:39     0310 - Successfully opened DCE serial connection 
12:58:40     0303 - Successfully sent command to DCE - 0xec 0x04 0xfe 0x00 0x04
12:58:40     0311 - Confirmed DCE Startup 
12:58:40     0302 - Requested read command 
12:58:40     0303 - Successfully sent command to DCE - 0xED 0x04 0x69 0x00 0x10
12:58:40 STP 0002 - Known error occurred - experiment safely terminated early 
13:00:30 NEW 0000 - Experiment start 
13:00:30     0310 - Successfully opened DCE serial connection 
13:00:30     0303 - Successfully sent command to DCE - 0xec 0x04 0xfe 0x00 0x04
13:00:30     0311 - Confirmed DCE Startup 
13:00:30     0302 - Requested read command 
13:00:30     0303 - Successfully sent command to DCE - 0xED 0x04 0x69 0x00 0x10
13:01:38 NEW 0000 - Experiment start 
13:01:38     0310 - Successfully opened DCE serial connection 
13:01:38     0303 - Successfully sent command to DCE - 0xec 0x04 0xfe 0x00 0x04
13:01:38     0311 - Confirmed DCE Startup 
13:01:38     0302 - Requested read command 
13:01:38     0303 - Successfully sent command to DCE - 0xED 0x04 0x69 0x00 0x10
13:01:38     0304 - Successfully recieved data from DCE - Output: 0x1A 0xCF 0x04 0x69 0x00 0x10 0x00 0x00 0x00 0x00 0x00 0x00 0x00 0x00 0x00 0x00 0x00 0x00 0x00 0x00 0x00 0x00 0x2F
13:01:38 STP 0001 - Experiment end 
13:02:57 NEW 0000 - Experiment start 
13:02:57     0310 - Successfully opened DCE serial connection 
13:02:58     0303 - Successfully sent command to DCE - 0xec 0x04 0xfe 0x00 0x04
13:02:58     0311 - Confirmed DCE Startup 
13:02:58     0300 - Requested torque command 
13:02:58     0301 - Requested speed command 
13:02:58     0303 - Successfully sent command to DCE - 0xEB 0x00 0x00 0x00 0x0B 0x07 0x0A 0x01 0x00 0x00 0x00 0x00 0x00 0x00 0x00 0x00
13:02:58 STP 0002 - Known error occurred - experiment safely terminated early 
13:04:12 NEW 0000 - Experiment start 
13:04:12     0310 - Successfully opened DCE serial connection 
13:04:13     0303 - Successfully sent command to DCE - 0xec 0x04 0xfe 0x00 0x04
13:04:13     0311 - Confirmed DCE Startup 
13:04:13     0300 - Requested torque command 
13:05:41 NEW 0000 - Experiment start 
13:05:41     0310 - Successfully opened DCE serial connection 
13:05:42     0303 - Successfully sent command to DCE - 0xec 0x04 0xfe 0x00 0x04
13:05:42     0311 - Confirmed DCE Startup 
13:05:42     0300 - Requested torque command 
13:07:03 NEW 0000 - Experiment start 
13:07:03     0310 - Successfully opened DCE serial connection 
13:07:03     0303 - Successfully sent command to DCE - 0xec 0x04 0xfe 0x00 0x04
13:07:03     0311 - Confirmed DCE Startup 
13:07:03     0300 - Requested torque command 
13:07:03     0303 - Successfully sent command to DCE - 0xEB 0x00 0x00 0x00 0x13 0x07 0x0D 0x00 0x00 0x08 0x64 0x70 0x00 0x08 0x64 0x70 0x00 0x08 0x64 0x70 0x00 0x08 0x64 0x70
13:07:13     0302 - Requested read command 
13:07:13     0303 - Successfully sent command to DCE - 0xED 0x04 0x69 0x00 0x10
13:07:13     0304 - Successfully recieved data from DCE - Output: 0x1A 0xCF 0x04 0x69 0x00 0x10 0x00 0x00 0x00 0x02 0x00 0x00 0x00 0x02 0x00 0x00 0x00 0x02 0x00 0x00 0x00 0x02 0x38
13:07:13     0301 - Requested speed command 
13:07:13     0303 - Successfully sent command to DCE - 0xEB 0x00 0x00 0x00 0x0B 0x07 0x0A 0x01 0x00 0x00 0x00 0x00 0x00 0x00 0x00 0x00
13:07:13 STP 0001 - Experiment end 
13:07:30 NEW 0000 - Experiment start 
13:07:30     0310 - Successfully opened DCE serial connection 
13:07:30     0303 - Successfully sent command to DCE - 0xec 0x04 0xfe 0x00 0x04
13:07:30     0311 - Confirmed DCE Startup 
13:07:30     0300 - Requested torque command 
13:07:30     0303 - Successfully sent command to DCE - 0xEB 0x00 0x00 0x00 0x13 0x07 0x0D 0x00 0x00 0x08 0x64 0x70 0x00 0x08 0x64 0x70 0x00 0x08 0x64 0x70 0x00 0x08 0x64 0x70
13:07:40     0302 - Requested read command 
13:07:40     0303 - Successfully sent command to DCE - 0xED 0x04 0x69 0x00 0x10
13:07:40     0304 - Successfully recieved data from DCE - Output: 0x1A 0xCF 0x04 0x69 0x00 0x10 0x00 0x00 0x00 0x02 0x00 0x00 0x00 0x02 0x00 0x00 0x00 0x02 0x00 0x00 0x00 0x02 0x38
13:07:40     0301 - Requested speed command 
13:07:40     0303 - Successfully sent command to DCE - 0xEB 0x00 0x00 0x00 0x0B 0x07 0x0A 0x01 0x00 0x00 0x00 0x00 0x00 0x00 0x00 0x00
13:07:40 STP 0001 - Experiment end 
13:07:55 NEW 0000 - Experiment start 
13:07:55     0310 - Successfully opened DCE serial connection 
13:07:55     0303 - Successfully sent command to DCE - 0xec 0x04 0xfe 0x00 0x04
13:07:55     0311 - Confirmed DCE Startup 
13:07:55     0300 - Requested torque command 
13:07:55     0303 - Successfully sent command to DCE - 0xEB 0x00 0x00 0x00 0x13 0x07 0x0D 0x00 0x00 0x4C 0x4B 0x40 0x00 0x4C 0x4B 0x40 0x00 0x4C 0x4B 0x40 0x00 0x4C 0x4B 0x40
13:08:05     0302 - Requested read command 
13:08:05     0303 - Successfully sent command to DCE - 0xED 0x04 0x69 0x00 0x10
13:08:05     0304 - Successfully recieved data from DCE - Output: 0x1A 0xCF 0x04 0x69 0x00 0x10 0x00 0x00 0x00 0x02 0x00 0x00 0x00 0x02 0x00 0x00 0x00 0x02 0x00 0x00 0x00 0x02 0x38
13:08:05     0301 - Requested speed command 
13:08:05     0303 - Successfully sent command to DCE - 0xEB 0x00 0x00 0x00 0x0B 0x07 0x0A 0x01 0x00 0x00 0x00 0x00 0x00 0x00 0x00 0x00
13:08:05 STP 0001 - Experiment end 
13:08:20 NEW 0000 - Experiment start 
13:08:21     0310 - Successfully opened DCE serial connection 
13:08:21     0303 - Successfully sent command to DCE - 0xec 0x04 0xfe 0x00 0x04
13:08:21     0311 - Confirmed DCE Startup 
13:08:21     0300 - Requested torque command 
13:08:21     0303 - Successfully sent command to DCE - 0xEB 0x00 0x00 0x00 0x13 0x07 0x0D 0x00 0x05 0xF5 0xE1 0x00 0x05 0xF5 0xE1 0x00 0x05 0xF5 0xE1 0x00 0x05 0xF5 0xE1 0x00
13:08:31     0302 - Requested read command 
13:08:31     0303 - Successfully sent command to DCE - 0xED 0x04 0x69 0x00 0x10
13:08:31     0304 - Successfully recieved data from DCE - Output: 0x1A 0xCF 0x04 0x69 0x00 0x10 0x00 0x00 0x00 0x02 0x00 0x00 0x00 0x02 0x00 0x00 0x00 0x02 0x00 0x00 0x00 0x02 0x38
13:08:31     0301 - Requested speed command 
13:08:31     0303 - Successfully sent command to DCE - 0xEB 0x00 0x00 0x00 0x0B 0x07 0x0A 0x01 0x00 0x00 0x00 0x00 0x00 0x00 0x00 0x00
13:08:31 STP 0001 - Experiment end 
13:11:05 NEW 0000 - Experiment start 
13:11:05     0310 - Successfully opened DCE serial connection 
13:11:05     0303 - Successfully sent command to DCE - 0xec 0x04 0xfe 0x00 0x04
13:11:05     0311 - Confirmed DCE Startup 
13:11:05     0300 - Requested torque command 
13:11:05     0303 - Successfully sent command to DCE - 0xEB 0x00 0x00 0x00 0x13 0x07 0x0D 0x01 0x05 0xF5 0xE1 0x00 0x00 0x00 0x00 0x00 0x00 0x00 0x00 0x00 0x00 0x00 0x00 0x00
13:11:15     0302 - Requested read command 
13:11:15     0303 - Successfully sent command to DCE - 0xED 0x04 0x89 0x00 0x10
13:11:15     0304 - Successfully recieved data from DCE - Output: 0x1A 0xCF 0x04 0x89 0x00 0x10 0x00 0x08 0x64 0x70 0x00 0x00 0x00 0x00 0x00 0x00 0x00 0x00 0x00 0x00 0x00 0x00 0xFB
13:11:15     0301 - Requested speed command 
13:11:15     0303 - Successfully sent command to DCE - 0xEB 0x00 0x00 0x00 0x0B 0x07 0x0A 0x01 0x00 0x00 0x00 0x00 0x00 0x00 0x00 0x00
13:11:15 STP 0001 - Experiment end 
13:31:16 NEW 0000 - Experiment start 
13:31:16     0310 - Successfully opened DCE serial connection 
13:31:17     0303 - Successfully sent command to DCE - 0xec 0x04 0xfe 0x00 0x04
13:31:17     0311 - Confirmed DCE Startup 
13:31:17     0300 - Requested torque command 
13:31:17     0303 - Successfully sent command to DCE - 0xEB 0x00 0x00 0x00 0x13 0x07 0x0D 0x01 0x05 0xF5 0xE1 0x00 0x00 0x00 0x00 0x00 0x00 0x00 0x00 0x00 0x00 0x00 0x00 0x00
13:31:27     0302 - Requested read command 
13:31:27     0303 - Successfully sent command to DCE - 0xED 0x04 0x89 0x00 0x10
13:31:27     0304 - Successfully recieved data from DCE - Output: 0x1A 0xCF 0x04 0x89 0x00 0x10 0x00 0x08 0x64 0x70 0x00 0x00 0x00 0x00 0x00 0x00 0x00 0x00 0x00 0x00 0x00 0x00 0xFB
13:31:27     0302 - Requested read command 
13:31:27     0303 - Successfully sent command to DCE - 0xED 0x04 0x89 0x00 0x10
13:31:27     0304 - Successfully recieved data from DCE - Output: 0x1A 0xCF 0x04 0x89 0x00 0x10 0x00 0x08 0x64 0x70 0x00 0x00 0x00 0x00 0x00 0x00 0x00 0x00 0x00 0x00 0x00 0x00 0xFB
13:31:27     0301 - Requested speed command 
13:31:27     0303 - Successfully sent command to DCE - 0xEB 0x00 0x00 0x00 0x0B 0x07 0x0A 0x01 0x00 0x00 0x00 0x00 0x00 0x00 0x00 0x00
13:31:27 STP 0001 - Experiment end 
13:31:54 NEW 0000 - Experiment start 
13:31:54     0310 - Successfully opened DCE serial connection 
13:31:55     0303 - Successfully sent command to DCE - 0xec 0x04 0xfe 0x00 0x04
13:31:55     0311 - Confirmed DCE Startup 
13:31:55     0300 - Requested torque command 
13:31:55     0303 - Successfully sent command to DCE - 0xEB 0x00 0x00 0x00 0x13 0x07 0x0D 0x01 0x05 0xF5 0xE1 0x00 0x00 0x00 0x00 0x00 0x00 0x00 0x00 0x00 0x00 0x00 0x00 0x00
13:32:05     0302 - Requested read command 
13:32:05     0303 - Successfully sent command to DCE - 0xED 0x04 0x89 0x00 0x10
13:32:05     0304 - Successfully recieved data from DCE - Output: 0x1A 0xCF 0x04 0x89 0x00 0x10 0x00 0x08 0x64 0x70 0x00 0x00 0x00 0x00 0x00 0x00 0x00 0x00 0x00 0x00 0x00 0x00 0xFB
13:32:05     0302 - Requested read command 
13:32:05     0303 - Successfully sent command to DCE - 0xED 0x04 0x69 0x00 0x10
13:32:05     0304 - Successfully recieved data from DCE - Output: 0x1A 0xCF 0x04 0x69 0x00 0x10 0x00 0x00 0x00 0x50 0x00 0x00 0x00 0x00 0x00 0x00 0x00 0x00 0x00 0x00 0x00 0x00 0xAB
13:32:05     0301 - Requested speed command 
13:32:05     0303 - Successfully sent command to DCE - 0xEB 0x00 0x00 0x00 0x0B 0x07 0x0A 0x01 0x00 0x00 0x00 0x00 0x00 0x00 0x00 0x00
13:32:05 STP 0001 - Experiment end 
13:33:59 NEW 0000 - Experiment start 
13:33:59     0310 - Successfully opened DCE serial connection 
13:33:59     0303 - Successfully sent command to DCE - 0xec 0x04 0xfe 0x00 0x04
13:33:59     0311 - Confirmed DCE Startup 
13:33:59     0300 - Requested torque command 
13:33:59     0303 - Successfully sent command to DCE - 0xEB 0x00 0x00 0x00 0x13 0x07 0x0D 0x01 0x05 0xF5 0xE1 0x00 0x00 0x00 0x00 0x00 0x00 0x00 0x00 0x00 0x00 0x00 0x00 0x00
13:34:09     0302 - Requested read command 
13:34:09     0303 - Successfully sent command to DCE - 0xED 0x04 0x89 0x00 0x10
13:34:09     0304 - Successfully recieved data from DCE - Output: 0x1A 0xCF 0x04 0x89 0x00 0x10 0x00 0x08 0x64 0x70 0x00 0x00 0x00 0x00 0x00 0x00 0x00 0x00 0x00 0x00 0x00 0x00 0xFB
13:34:09     0302 - Requested read command 
13:34:09     0303 - Successfully sent command to DCE - 0xED 0x04 0x69 0x00 0x10
13:34:09     0304 - Successfully recieved data from DCE - Output: 0x1A 0xCF 0x04 0x69 0x00 0x10 0x00 0x00 0x00 0x07 0x00 0x00 0x00 0x00 0x00 0x00 0x00 0x00 0x00 0x00 0x00 0x00 0xCA
13:34:09     0301 - Requested speed command 
13:34:09     0303 - Successfully sent command to DCE - 0xEB 0x00 0x00 0x00 0x0B 0x07 0x0A 0x01 0x00 0x00 0x00 0x00 0x00 0x00 0x00 0x00
13:34:09 STP 0001 - Experiment end 
13:35:13 NEW 0000 - Experiment start 
13:35:13     0310 - Successfully opened DCE serial connection 
13:35:13     0303 - Successfully sent command to DCE - 0xec 0x04 0xfe 0x00 0x04
13:35:13     0311 - Confirmed DCE Startup 
13:35:13     0300 - Requested torque command 
13:35:13     0303 - Successfully sent command to DCE - 0xEB 0x00 0x00 0x00 0x13 0x07 0x0D 0x01 0x0B 0xEB 0xC2 0x00 0x00 0x00 0x00 0x00 0x00 0x00 0x00 0x00 0x00 0x00 0x00 0x00
13:35:23     0302 - Requested read command 
13:35:23     0303 - Successfully sent command to DCE - 0xED 0x04 0x89 0x00 0x10
13:35:23     0304 - Successfully recieved data from DCE - Output: 0x1A 0xCF 0x04 0x89 0x00 0x10 0x00 0x08 0x64 0x70 0x00 0x00 0x00 0x00 0x00 0x00 0x00 0x00 0x00 0x00 0x00 0x00 0xFB
13:35:23     0302 - Requested read command 
13:35:23     0303 - Successfully sent command to DCE - 0xED 0x04 0x69 0x00 0x10
13:35:23     0304 - Successfully recieved data from DCE - Output: 0x1A 0xCF 0x04 0x69 0x00 0x10 0x00 0x00 0x00 0x05 0x00 0x00 0x00 0x00 0x00 0x00 0x00 0x00 0x00 0x00 0x00 0x00 0xE5
13:35:23     0301 - Requested speed command 
13:35:23     0303 - Successfully sent command to DCE - 0xEB 0x00 0x00 0x00 0x0B 0x07 0x0A 0x01 0x00 0x00 0x00 0x00 0x00 0x00 0x00 0x00
13:35:23 STP 0001 - Experiment end 
13:36:21 NEW 0000 - Experiment start 
13:36:21     0300 - Requested torque command 
13:36:21     0303 - Successfully sent command to DCE - 0xEB 0x00 0x00 0x00 0x13 0x07 0x0D 0x01 0x0B 0xEB 0xC2 0x00 0x00 0x00 0x00 0x00 0x00 0x00 0x00 0x00 0x00 0x00 0x00 0x00
13:36:31     0302 - Requested read command 
13:36:31     0303 - Successfully sent command to DCE - 0xED 0x04 0x89 0x00 0x10
13:36:31     0304 - Successfully recieved data from DCE - Output: 0x1A 0xCF 0x04 0x89 0x00 0x10 0x00 0x08 0x64 0x70 0x00 0x00 0x00 0x00 0x00 0x00 0x00 0x00 0x00 0x00 0x00 0x00 0xFB
13:36:31     0302 - Requested read command 
13:36:31     0303 - Successfully sent command to DCE - 0xED 0x04 0x69 0x00 0x10
13:36:31     0304 - Successfully recieved data from DCE - Output: 0x1A 0xCF 0x04 0x69 0x00 0x10 0x00 0x00 0x00 0x04 0x00 0x00 0x00 0x00 0x00 0x00 0x00 0x00 0x00 0x00 0x00 0x00 0x71
13:36:31     0301 - Requested speed command 
13:36:31     0303 - Successfully sent command to DCE - 0xEB 0x00 0x00 0x00 0x0B 0x07 0x0A 0x01 0x00 0x00 0x00 0x00 0x00 0x00 0x00 0x00
13:36:31 STP 0001 - Experiment end 
13:37:04 NEW 0000 - Experiment start 
13:37:04     0300 - Requested torque command 
13:37:04     0303 - Successfully sent command to DCE - 0xEB 0x00 0x00 0x00 0x13 0x07 0x0D 0x01 0x0B 0xEB 0xC2 0x00 0x00 0x00 0x00 0x00 0x00 0x00 0x00 0x00 0x00 0x00 0x00 0x00
13:37:14     0302 - Requested read command 
13:37:14     0303 - Successfully sent command to DCE - 0xED 0x04 0x89 0x00 0x10
13:37:14     0304 - Successfully recieved data from DCE - Output: 0x1A 0xCF 0x04 0x89 0x00 0x10 0x00 0x08 0x64 0x70 0x00 0x00 0x00 0x00 0x00 0x00 0x00 0x00 0x00 0x00 0x00 0x00 0xFB
13:37:14     0302 - Requested read command 
13:37:14     0303 - Successfully sent command to DCE - 0xED 0x04 0x69 0x00 0x10
13:37:14     0304 - Successfully recieved data from DCE - Output: 0x1A 0xCF 0x04 0x69 0x00 0x10 0x00 0x00 0x00 0x03 0x00 0x00 0x00 0x00 0x00 0x00 0x00 0x00 0x00 0x00 0x00 0x00 0x94
13:37:14     0301 - Requested speed command 
13:37:14     0303 - Successfully sent command to DCE - 0xEB 0x00 0x00 0x00 0x0B 0x07 0x0A 0x01 0x00 0x00 0x00 0x00 0x00 0x00 0x00 0x00
13:37:14 STP 0001 - Experiment end 
13:45:21 NEW 0000 - Experiment start 
13:45:21     0310 - Successfully opened DCE serial connection 
13:45:22     0303 - Successfully sent command to DCE - 0xec 0x04 0xfe 0x00 0x04
13:45:22     0311 - Confirmed DCE Startup 
13:45:22     0302 - Requested read command 
13:45:22     0303 - Successfully sent command to DCE - 0xED 0x04 0x89 0x00 0x10
13:45:22     0304 - Successfully recieved data from DCE - Output: 0x1A 0xCF 0x04 0x89 0x00 0x10 0x00 0x08 0x64 0x70 0x00 0x00 0x00 0x00 0x00 0x00 0x00 0x00 0x00 0x00 0x00 0x00 0xFB
13:45:22     0302 - Requested read command 
13:45:22     0303 - Successfully sent command to DCE - 0xED 0x04 0x69 0x00 0x10
13:45:22     0304 - Successfully recieved data from DCE - Output: 0x1A 0xCF 0x04 0x69 0x00 0x10 0x00 0x00 0x00 0x1B 0x00 0x00 0x00 0x00 0x00 0x00 0x00 0x00 0x00 0x00 0x00 0x00 0x57
13:45:22     0301 - Requested speed command 
13:45:22     0303 - Successfully sent command to DCE - 0xEB 0x00 0x00 0x00 0x0B 0x07 0x0A 0x01 0x00 0x00 0x00 0x00 0x00 0x00 0x00 0x00
13:45:22 STP 0001 - Experiment end 
13:46:05 NEW 0000 - Experiment start 
13:46:05     0310 - Successfully opened DCE serial connection 
13:46:06     0303 - Successfully sent command to DCE - 0xec 0x04 0xfe 0x00 0x04
13:46:06     0311 - Confirmed DCE Startup 
13:46:06     0300 - Requested torque command 
13:46:06     0303 - Successfully sent command to DCE - 0xEB 0x00 0x00 0x00 0x13 0x07 0x0D 0x01 0x05 0xF5 0xE1 0x00 0x00 0x00 0x00 0x00 0x00 0x00 0x00 0x00 0x00 0x00 0x00 0x00
13:46:16     0302 - Requested read command 
13:46:16     0303 - Successfully sent command to DCE - 0xED 0x04 0x89 0x00 0x10
13:46:16     0304 - Successfully recieved data from DCE - Output: 0x1A 0xCF 0x04 0x89 0x00 0x10 0x00 0x08 0x64 0x70 0x00 0x00 0x00 0x00 0x00 0x00 0x00 0x00 0x00 0x00 0x00 0x00 0xFB
13:46:16     0302 - Requested read command 
13:46:16     0303 - Successfully sent command to DCE - 0xED 0x04 0x69 0x00 0x10
13:46:16     0304 - Successfully recieved data from DCE - Output: 0x1A 0xCF 0x04 0x69 0x00 0x10 0x00 0x00 0x00 0x0B 0x00 0x00 0x00 0x00 0x00 0x00 0x00 0x00 0x00 0x00 0x00 0x00 0x28
13:46:16     0301 - Requested speed command 
13:46:16     0303 - Successfully sent command to DCE - 0xEB 0x00 0x00 0x00 0x0B 0x07 0x0A 0x01 0x00 0x00 0x00 0x00 0x00 0x00 0x00 0x00
13:46:16 STP 0001 - Experiment end 
13:48:07 NEW 0000 - Experiment start 
13:48:07     0310 - Successfully opened DCE serial connection 
13:48:07     0303 - Successfully sent command to DCE - 0xec 0x04 0xfe 0x00 0x04
13:48:07     0311 - Confirmed DCE Startup 
13:48:07     0300 - Requested torque command 
13:48:07     0303 - Successfully sent command to DCE - 0xEB 0x00 0x00 0x00 0x13 0x07 0x0D 0x01 0x05 0xF5 0xE1 0x00 0x00 0x00 0x00 0x00 0x00 0x00 0x00 0x00 0x00 0x00 0x00 0x00
13:48:17     0302 - Requested read command 
13:48:17     0303 - Successfully sent command to DCE - 0xED 0x04 0x89 0x00 0x10
13:48:17     0304 - Successfully recieved data from DCE - Output: 0x1A 0xCF 0x04 0x89 0x00 0x10 0x00 0x08 0x64 0x70 0x00 0x00 0x00 0x00 0x00 0x00 0x00 0x00 0x00 0x00 0x00 0x00 0xFB
13:48:17     0302 - Requested read command 
13:48:17     0303 - Successfully sent command to DCE - 0xED 0x04 0x69 0x00 0x10
13:48:17 ERR 1305 - Recieved incorrect data from DCE - 
13:48:50     0310 - Successfully opened DCE serial connection 
13:48:50     0303 - Successfully sent command to DCE - 0xec 0x04 0xfe 0x00 0x04
13:48:50     0311 - Confirmed DCE Startup 
13:48:50     0301 - Requested speed command 
13:48:50     0303 - Successfully sent command to DCE - 0xEB 0x00 0x00 0x00 0x0B 0x07 0x0A 0x01 0x00 0x00 0x00 0x00 0x00 0x00 0x00 0x00
13:52:49 NEW 0000 - Experiment start 
13:52:49     0310 - Successfully opened DCE serial connection 
13:52:49     0303 - Successfully sent command to DCE - 0xec 0x04 0xfe 0x00 0x04
13:52:49     0311 - Confirmed DCE Startup 
13:52:49     0300 - Requested torque command 
13:52:49     0303 - Successfully sent command to DCE - 0xEB 0x00 0x00 0x00 0x13 0x07 0x0D 0x01 0x05 0xF5 0xE1 0x00 0x00 0x00 0x00 0x00 0x00 0x00 0x00 0x00 0x00 0x00 0x00 0x00
13:52:59     0302 - Requested read command 
13:52:59     0303 - Successfully sent command to DCE - 0xED 0x04 0x89 0x00 0x10
13:52:59     0304 - Successfully recieved data from DCE - Output: 0x1A 0xCF 0x04 0x89 0x00 0x10 0x00 0x08 0x64 0x70 0x00 0x00 0x00 0x00 0x00 0x00 0x00 0x00 0x00 0x00 0x00 0x00 0xFB
13:52:59     0302 - Requested read command 
13:52:59     0303 - Successfully sent command to DCE - 0xED 0x04 0x69 0x00 0x10
13:52:59     0304 - Successfully recieved data from DCE - Output: 0x1A 0xCF 0x04 0x69 0x00 0x10 0x00 0x00 0x00 0x05 0x00 0x00 0x00 0x00 0x00 0x00 0x00 0x00 0x00 0x00 0x00 0x00 0xE5
13:52:59     0301 - Requested speed command 
13:52:59     0303 - Successfully sent command to DCE - 0xEB 0x00 0x00 0x00 0x0B 0x07 0x0A 0x01 0x00 0x00 0x00 0x00 0x00 0x00 0x00 0x00
13:52:59 STP 0001 - Experiment end 
13:53:30 NEW 0000 - Experiment start 
13:53:30     0310 - Successfully opened DCE serial connection 
13:53:31     0303 - Successfully sent command to DCE - 0xec 0x04 0xfe 0x00 0x04
13:53:31     0311 - Confirmed DCE Startup 
13:53:31     0300 - Requested torque command 
13:53:31     0303 - Successfully sent command to DCE - 0xEB 0x00 0x00 0x00 0x13 0x07 0x0D 0x01 0x05 0xF5 0xE1 0x00 0x00 0x00 0x00 0x00 0x00 0x00 0x00 0x00 0x00 0x00 0x00 0x00
13:53:41     0302 - Requested read command 
13:53:41     0303 - Successfully sent command to DCE - 0xED 0x04 0x89 0x00 0x10
13:53:41     0304 - Successfully recieved data from DCE - Output: 0x1A 0xCF 0x04 0x89 0x00 0x10 0x00 0x08 0x64 0x70 0x00 0x00 0x00 0x00 0x00 0x00 0x00 0x00 0x00 0x00 0x00 0x00 0xFB
13:53:41     0302 - Requested read command 
13:53:41     0303 - Successfully sent command to DCE - 0xED 0x04 0x69 0x00 0x10
13:53:41     0304 - Successfully recieved data from DCE - Output: 0x1A 0xCF 0x04 0x69 0x00 0x10 0x00 0x1B 0xBF 0x78 0x00 0x00 0x00 0x00 0x00 0x00 0x00 0x00 0x00 0x00 0x00 0x00 0x3C
13:53:41     0301 - Requested speed command 
13:53:41     0303 - Successfully sent command to DCE - 0xEB 0x00 0x00 0x00 0x0B 0x07 0x0A 0x01 0x00 0x00 0x00 0x00 0x00 0x00 0x00 0x00
13:53:41 STP 0001 - Experiment end 
14:00:41 ERR 0000 - Unknown error occured - hello
14:00:55 NEW 0000 - Experiment start 
14:00:55     0310 - Successfully opened DCE serial connection 
14:00:56     0303 - Successfully sent command to DCE - 0xec 0x04 0xfe 0x00 0x04
14:00:56     0311 - Confirmed DCE Startup 
14:00:56     0300 - Requested torque command 
14:00:56     0303 - Successfully sent command to DCE - 0xEB 0x00 0x00 0x00 0x13 0x07 0x0D 0x01 0x05 0xF5 0xE1 0x00 0x00 0x00 0x00 0x00 0x00 0x00 0x00 0x00 0x00 0x00 0x00 0x00
14:01:06     0302 - Requested read command 
14:01:06     0303 - Successfully sent command to DCE - 0xED 0x04 0x89 0x00 0x10
14:01:06     0304 - Successfully recieved data from DCE - Output: 0x1A 0xCF 0x04 0x89 0x00 0x10 0x00 0x08 0x64 0x70 0x00 0x00 0x00 0x00 0x00 0x00 0x00 0x00 0x00 0x00 0x00 0x00 0xFB
14:01:06     0302 - Requested read command 
14:01:06     0303 - Successfully sent command to DCE - 0xED 0x04 0x69 0x00 0x10
14:01:06     0304 - Successfully recieved data from DCE - Output: 0x1A 0xCF 0x04 0x69 0x00 0x10 0x00 0x24 0x8A 0xD1 0x00 0x00 0x00 0x00 0x00 0x00 0x00 0x00 0x00 0x00 0x00 0x00 0xFF
14:01:06     0301 - Requested speed command 
14:01:06     0303 - Successfully sent command to DCE - 0xEB 0x00 0x00 0x00 0x0B 0x07 0x0A 0x01 0x00 0x00 0x00 0x00 0x00 0x00 0x00 0x00
14:01:06 STP 0001 - Experiment end 
14:02:00 NEW 0000 - Experiment start 
14:02:00     0310 - Successfully opened DCE serial connection 
14:02:00     0303 - Successfully sent command to DCE - 0xec 0x04 0xfe 0x00 0x04
14:02:00     0311 - Confirmed DCE Startup 
14:02:00     0300 - Requested torque command 
14:02:00     0303 - Successfully sent command to DCE - 0xEB 0x00 0x00 0x00 0x13 0x07 0x0D 0x01 0x00 0x04 0x93 0xE0 0x00 0x00 0x00 0x00 0x00 0x00 0x00 0x00 0x00 0x00 0x00 0x00
14:02:10     0302 - Requested read command 
14:02:10     0303 - Successfully sent command to DCE - 0xED 0x04 0x89 0x00 0x10
14:02:10     0304 - Successfully recieved data from DCE - Output: 0x1A 0xCF 0x04 0x89 0x00 0x10 0x00 0x04 0x93 0xE0 0x00 0x00 0x00 0x00 0x00 0x00 0x00 0x00 0x00 0x00 0x00 0x00 0x11
14:02:10     0302 - Requested read command 
14:02:10     0303 - Successfully sent command to DCE - 0xED 0x04 0x69 0x00 0x10
14:02:10     0304 - Successfully recieved data from DCE - Output: 0x1A 0xCF 0x04 0x69 0x00 0x10 0x00 0x1E 0x78 0xC6 0x00 0x00 0x00 0x00 0x00 0x00 0x00 0x00 0x00 0x00 0x00 0x00 0x6D
14:02:10     0301 - Requested speed command 
14:02:10     0303 - Successfully sent command to DCE - 0xEB 0x00 0x00 0x00 0x0B 0x07 0x0A 0x01 0x00 0x00 0x00 0x00 0x00 0x00 0x00 0x00
14:02:10 STP 0001 - Experiment end 
14:02:42 NEW 0000 - Experiment start 
14:02:42     0310 - Successfully opened DCE serial connection 
14:02:43     0303 - Successfully sent command to DCE - 0xec 0x04 0xfe 0x00 0x04
14:02:43     0311 - Confirmed DCE Startup 
14:02:43     0300 - Requested torque command 
14:02:43     0303 - Successfully sent command to DCE - 0xEB 0x00 0x00 0x00 0x13 0x07 0x0D 0x01 0xFA 0x0A 0x1F 0x00 0x00 0x00 0x00 0x00 0x00 0x00 0x00 0x00 0x00 0x00 0x00 0x00
14:02:53     0302 - Requested read command 
14:02:53     0303 - Successfully sent command to DCE - 0xED 0x04 0x89 0x00 0x10
14:02:53     0304 - Successfully recieved data from DCE - Output: 0x1A 0xCF 0x04 0x89 0x00 0x10 0xFF 0xF7 0x9B 0x90 0x00 0x00 0x00 0x00 0x00 0x00 0x00 0x00 0x00 0x00 0x00 0x00 0x56
14:02:53     0302 - Requested read command 
14:02:53     0303 - Successfully sent command to DCE - 0xED 0x04 0x69 0x00 0x10
14:02:53     0304 - Successfully recieved data from DCE - Output: 0x1A 0xCF 0x04 0x69 0x00 0x10 0xFF 0xDB 0x38 0x95 0x00 0x00 0x00 0x00 0x00 0x00 0x00 0x00 0x00 0x00 0x00 0x00 0xA9
14:02:53     0301 - Requested speed command 
14:02:53     0303 - Successfully sent command to DCE - 0xEB 0x00 0x00 0x00 0x0B 0x07 0x0A 0x01 0x00 0x00 0x00 0x00 0x00 0x00 0x00 0x00
14:02:53 STP 0001 - Experiment end 
14:03:51 NEW 0000 - Experiment start 
14:03:51     0310 - Successfully opened DCE serial connection 
14:03:52     0303 - Successfully sent command to DCE - 0xec 0x04 0xfe 0x00 0x04
14:03:52     0311 - Confirmed DCE Startup 
14:03:52     0300 - Requested torque command 
14:03:52 ERR 1300 - Failed to generate torque command - requested wheel torque is out of operational limits - 1
14:03:52     0301 - Requested speed command 
14:03:52     0303 - Successfully sent command to DCE - 0xEB 0x00 0x00 0x00 0x0B 0x07 0x0A 0x01 0x00 0x00 0x00 0x00 0x00 0x00 0x00 0x00
14:03:52 STP 0002 - Known error occurred - experiment safely terminated early 
14:04:54 NEW 0000 - Experiment start 
14:04:54     0310 - Successfully opened DCE serial connection 
14:04:55     0303 - Successfully sent command to DCE - 0xec 0x04 0xfe 0x00 0x04
14:04:55     0311 - Confirmed DCE Startup 
14:04:55     0301 - Requested speed command 
14:04:55     0303 - Successfully sent command to DCE - 0xEB 0x00 0x00 0x00 0x0B 0x07 0x0A 0x01 0x7F 0xFD 0x00 0x00 0x00 0x00 0x00 0x00
14:05:00     0302 - Requested read command 
14:05:00     0303 - Successfully sent command to DCE - 0xED 0x04 0x89 0x00 0x10
14:05:00     0304 - Successfully recieved data from DCE - Output: 0x1A 0xCF 0x04 0x89 0x00 0x10 0x00 0x00 0x00 0x00 0x00 0x00 0x00 0x00 0x00 0x00 0x00 0x00 0x00 0x00 0x00 0x00 0xB4
14:05:00     0302 - Requested read command 
14:05:00     0303 - Successfully sent command to DCE - 0xED 0x04 0x79 0x00 0x10
14:05:00     0304 - Successfully recieved data from DCE - Output: 0x1A 0xCF 0x04 0x79 0x00 0x10 0x00 0x31 0xFE 0xD4 0x00 0x00 0x00 0x00 0x00 0x00 0x00 0x00 0x00 0x00 0x00 0x00 0x84
14:05:00     0301 - Requested speed command 
14:05:00     0303 - Successfully sent command to DCE - 0xEB 0x00 0x00 0x00 0x0B 0x07 0x0A 0x01 0x00 0x00 0x00 0x00 0x00 0x00 0x00 0x00
14:05:00 STP 0001 - Experiment end 
14:05:38 NEW 0000 - Experiment start 
14:05:38     0310 - Successfully opened DCE serial connection 
14:05:39     0303 - Successfully sent command to DCE - 0xec 0x04 0xfe 0x00 0x04
14:05:39     0311 - Confirmed DCE Startup 
14:05:39     0301 - Requested speed command 
14:05:39     0303 - Successfully sent command to DCE - 0xEB 0x00 0x00 0x00 0x0B 0x07 0x0A 0x01 0x80 0x02 0x00 0x00 0x00 0x00 0x00 0x00
14:05:44     0302 - Requested read command 
14:05:44     0303 - Successfully sent command to DCE - 0xED 0x04 0x89 0x00 0x10
14:05:44     0304 - Successfully recieved data from DCE - Output: 0x1A 0xCF 0x04 0x89 0x00 0x10 0x00 0x00 0x00 0x00 0x00 0x00 0x00 0x00 0x00 0x00 0x00 0x00 0x00 0x00 0x00 0x00 0xB4
14:05:44     0302 - Requested read command 
14:05:44     0303 - Successfully sent command to DCE - 0xED 0x04 0x79 0x00 0x10
14:05:44     0304 - Successfully recieved data from DCE - Output: 0x1A 0xCF 0x04 0x79 0x00 0x10 0xFF 0xCE 0x00 0xC8 0x00 0x00 0x00 0x00 0x00 0x00 0x00 0x00 0x00 0x00 0x00 0x00 0xA5
14:05:44     0301 - Requested speed command 
14:05:44     0303 - Successfully sent command to DCE - 0xEB 0x00 0x00 0x00 0x0B 0x07 0x0A 0x01 0x00 0x00 0x00 0x00 0x00 0x00 0x00 0x00
14:05:44 STP 0001 - Experiment end 
