18:54:30     0000 - Experiment start 
18:54:30     0300 - Requested torque command 
18:54:30     0303 - Successfully sent command to DCE - 0xEB 0x00 0x00 0x00 0x13 0x07 0x0D 0x01 0x05 0xF5 0xE1 0x00 0x00 0x00 0x00 0x00 0x00 0x00 0x00 0x00 0x00 0x00 0x00 0x00
18:54:40     0301 - Requested speed command 
18:54:40     0303 - Successfully sent command to DCE - 0xEB 0x00 0x00 0x00 0x0B 0x07 0x0A 0x01 0x00 0x00 0x00 0x00 0x00 0x00 0x00 0x00
18:54:40     0001 - Experiment end 
18:56:01     0000 - Experiment start 
18:56:01     0302 - Requested read command 
18:56:01     0303 - Successfully sent command to DCE - 0xED 0x04 0x89 0x00 0x10
19:00:50     0000 - Experiment start 
19:00:50     0302 - Requested read command 
19:00:50     0303 - Successfully sent command to DCE - 0xED 0x04 0x79 0x00 0x10
19:02:36     0000 - Experiment start 
19:02:36     0302 - Requested read command 
19:02:36     0303 - Successfully sent command to DCE - 0xED 0x04 0x79 0x00 0x10
19:03:47     0000 - Experiment start 
19:03:47     0300 - Requested torque command 
19:03:47     0303 - Successfully sent command to DCE - 0xEB 0x00 0x00 0x00 0x13 0x07 0x0D 0x01 0x05 0xF5 0xE1 0x00 0x00 0x00 0x00 0x00 0x00 0x00 0x00 0x00 0x00 0x00 0x00 0x00
19:03:49     0302 - Requested read command 
19:03:49     0303 - Successfully sent command to DCE - 0xED 0x04 0x79 0x00 0x10
19:04:12     0000 - Experiment start 
19:04:12     0301 - Requested speed command 
19:04:12     0303 - Successfully sent command to DCE - 0xEB 0x00 0x00 0x00 0x0B 0x07 0x0A 0x01 0x00 0x00 0x00 0x00 0x00 0x00 0x00 0x00
19:08:25     0000 - Experiment start 
19:08:25     0302 - Requested read command 
19:08:25     0303 - Successfully sent command to DCE - 0xED 0x04 0x79 0x00 0x10
19:08:25 ERR 1304 - Failed to recieve data from DCE - failed to read from serial port /dev/ttyS0 - 0xED 0x04 0x79 0x00 0x10
19:09:06     0000 - Experiment start 
19:09:06     0302 - Requested read command 
19:09:06     0303 - Successfully sent command to DCE - 0xED 0x04 0x79 0x00 0x10
19:09:40     0000 - Experiment start 
19:09:40     0302 - Requested read command 
19:09:40     0303 - Successfully sent command to DCE - 0xED 0x04 0x79 0x00 0x10
19:09:40 ERR 1304 - Failed to recieve data from DCE - failed to read from serial port /dev/ttyS0 - 0xED 0x04 0x79 0x00 0x10
19:13:40     0000 - Experiment start 
19:15:24     0000 - Experiment start 
19:16:14     0000 - Experiment start 
19:16:36     0000 - Experiment start 
19:17:02     0000 - Experiment start 
19:17:18     0303 - Successfully sent command to DCE - 0xec 0x4 0xfe 0x0 0x4
19:17:57     0303 - Successfully sent command to DCE - 0xec 0x4 0xfe 0x0 0x4
19:18:10     0303 - Successfully sent command to DCE - 0xec 0x4 0xfe 0x0 0x4
19:22:14     0000 - Experiment start 
19:22:14     0303 - Successfully sent command to DCE - 0xec 0x4 0xfe 0x0 0x4
19:22:14     0303 - Successfully sent command to DCE - 0xec 0x4 0xfe 0x0 0x4
19:22:15     0303 - Successfully sent command to DCE - 0xec 0x4 0xfe 0x0 0x4
19:22:15     0303 - Successfully sent command to DCE - 0xec 0x4 0xfe 0x0 0x4
19:22:15     0303 - Successfully sent command to DCE - 0xec 0x4 0xfe 0x0 0x4
19:22:15     0303 - Successfully sent command to DCE - 0xec 0x4 0xfe 0x0 0x4
19:22:15     0303 - Successfully sent command to DCE - 0xec 0x4 0xfe 0x0 0x4
19:22:16     0303 - Successfully sent command to DCE - 0xec 0x4 0xfe 0x0 0x4
19:22:16     0303 - Successfully sent command to DCE - 0xec 0x4 0xfe 0x0 0x4
19:22:16     0303 - Successfully sent command to DCE - 0xec 0x4 0xfe 0x0 0x4
19:22:16     0303 - Successfully sent command to DCE - 0xec 0x4 0xfe 0x0 0x4
19:22:16     0303 - Successfully sent command to DCE - 0xec 0x4 0xfe 0x0 0x4
19:22:17     0303 - Successfully sent command to DCE - 0xec 0x4 0xfe 0x0 0x4
19:22:17     0303 - Successfully sent command to DCE - 0xec 0x4 0xfe 0x0 0x4
19:22:17     0303 - Successfully sent command to DCE - 0xec 0x4 0xfe 0x0 0x4
19:22:17     0303 - Successfully sent command to DCE - 0xec 0x4 0xfe 0x0 0x4
19:22:17     0303 - Successfully sent command to DCE - 0xec 0x4 0xfe 0x0 0x4
19:22:18     0303 - Successfully sent command to DCE - 0xec 0x4 0xfe 0x0 0x4
19:22:18     0303 - Successfully sent command to DCE - 0xec 0x4 0xfe 0x0 0x4
19:22:18     0303 - Successfully sent command to DCE - 0xec 0x4 0xfe 0x0 0x4
19:22:18     0303 - Successfully sent command to DCE - 0xec 0x4 0xfe 0x0 0x4
19:22:18     0303 - Successfully sent command to DCE - 0xec 0x4 0xfe 0x0 0x4
19:22:19     0303 - Successfully sent command to DCE - 0xec 0x4 0xfe 0x0 0x4
19:22:31     0000 - Experiment start 
19:22:31     0001 - Experiment end 
19:22:51     0000 - Experiment start 
19:23:00     0000 - Experiment start 
19:23:00     0001 - Experiment end 
19:23:40     0000 - Experiment start 
19:23:40     0303 - Successfully sent command to DCE - 0xec 0x4 0xfe 0x0 0x4
19:23:40     0303 - Successfully sent command to DCE - 0xec 0x4 0xfe 0x0 0x4
19:23:40     0303 - Successfully sent command to DCE - 0xec 0x4 0xfe 0x0 0x4
19:23:41     0303 - Successfully sent command to DCE - 0xec 0x4 0xfe 0x0 0x4
19:23:41     0303 - Successfully sent command to DCE - 0xec 0x4 0xfe 0x0 0x4
19:23:41     0303 - Successfully sent command to DCE - 0xec 0x4 0xfe 0x0 0x4
19:23:41     0303 - Successfully sent command to DCE - 0xec 0x4 0xfe 0x0 0x4
19:23:41     0303 - Successfully sent command to DCE - 0xec 0x4 0xfe 0x0 0x4
19:23:42     0303 - Successfully sent command to DCE - 0xec 0x4 0xfe 0x0 0x4
19:23:47     0000 - Experiment start 
19:23:47     0001 - Experiment end 
19:24:29     0000 - Experiment start 
19:24:29     0001 - Experiment end 
19:24:50     0000 - Experiment start 
19:24:50     0302 - Requested read command 
19:24:50     0303 - Successfully sent command to DCE - 0xED 0x04 0x79 0x00 0x10
19:25:10     0000 - Experiment start 
19:25:10     0302 - Requested read command 
19:25:10     0303 - Successfully sent command to DCE - 0xED 0x04 0x79 0x00 0x10
19:26:25     0000 - Experiment start 
19:26:25     0302 - Requested read command 
19:26:25     0303 - Successfully sent command to DCE - 0xED 0x04 0x89 0x00 0x10
19:27:45     0000 - Experiment start 
19:27:45     0302 - Requested read command 
19:27:45     0303 - Successfully sent command to DCE - 0xED 0x04 0x89 0x00 0x10
19:27:45     0304 - Successfully recieved data from DCE - 0xED 0x04 0x89 0x00 0x10
19:28:11     0000 - Experiment start 
19:28:11     0302 - Requested read command 
19:28:11     0303 - Successfully sent command to DCE - 0xED 0x04 0x89 0x00 0x10
19:28:26     0000 - Experiment start 
19:28:26     0302 - Requested read command 
19:28:26     0303 - Successfully sent command to DCE - 0xED 0x04 0x89 0x00 0x10
19:28:26     0304 - Successfully recieved data from DCE - 0xED 0x04 0x89 0x00 0x10
19:28:56     0000 - Experiment start 
19:28:56     0001 - Experiment end 
19:29:25     0000 - Experiment start 
19:29:25     0001 - Experiment end 
19:29:50     0000 - Experiment start 
19:29:50     0302 - Requested read command 
19:29:50     0303 - Successfully sent command to DCE - 0xED 0x04 0x89 0x00 0x10
19:31:06     0000 - Experiment start 
19:31:06     0302 - Requested read command 
19:31:06     0303 - Successfully sent command to DCE - 0xED 0x04 0x89 0x00 0x10
19:33:40     0000 - Experiment start 
19:33:40     0302 - Requested read command 
19:33:40     0303 - Successfully sent command to DCE - 0xED 0x04 0x89 0x00 0x10
19:33:40     0304 - Successfully recieved data from DCE - 0xED 0x04 0x89 0x00 0x10
19:34:57     0000 - Experiment start 
19:34:57     0302 - Requested read command 
19:34:57     0303 - Successfully sent command to DCE - 0xED 0x04 0x89 0x00 0x10
19:34:57     0304 - Successfully recieved data from DCE - 0xED 0x04 0x89 0x00 0x10
19:34:57     0001 - Experiment end 
