15:32:24     0300 - Requested torque command 
15:32:58     0300 - Requested torque command 
15:33:01     0300 - Requested torque command 
15:33:21     0300 - Requested torque command 
15:33:23     0300 - Requested torque command 
15:33:30     0300 - Requested torque command 
15:34:10     0301 - Requested speed command 
15:35:05     0301 - Requested speed command 
15:36:16     0302 - Requested read command 
15:36:16 ERR 1303 - Failed to send command to DCE - - failed to write to serial port /dev/ttyS0 - 0xED 0x04 0x79 0x00 0x08
15:37:28     0302 - Requested read command 
15:37:28 ERR 1303 - Failed to send command to DCE - failed to write to serial port /dev/ttyS0 - 0xED 0x04 0x79 0x00 0x08
15:39:00     0302 - Requested read command 
15:39:00 ERR 1303 - Failed to send command to DCE - failed to write to serial port /dev/ttyS0 - 0xED 0x04 0x79 0x00 0x08
15:39:20     0302 - Requested read command 
15:39:20 ERR 1303 - Failed to send command to DCE - failed to write to serial port /dev/ttyS0 - 0xED 0x04 0x79 0x00 0x08
15:39:41     0301 - Requested speed command 
15:40:05     0301 - Requested speed command 
15:40:28     0301 - Requested speed command 
15:40:50     0301 - Requested speed command 
15:41:13     0301 - Requested speed command 
15:41:13 ERR 1303 - Failed to send command to DCE - failed to write to serial port /dev/ttyS0 - 0xEB 0x00 0x00 0x00 0x0B 0x07 0x0A 0x01 0x00 0x05 0x00 0x00 0x00 0x00 0x00 0x00
15:42:47     0300 - Requested torque command 
15:42:47 ERR 1303 - Failed to send command to DCE - failed to write to serial port /dev/ttyS0 - 0xEB 0x00 0x00 0x00 0x13 0x07 0x0D 0x01 0x05 0xF5 0xE1 0x00 0x00 0x00 0x00 0x00 0x00 0x00 0x00 0x00 0x00 0x00 0x00 0x00
15:43:40     0300 - Requested torque command 
15:43:40 ERR 1303 - Failed to send command to DCE - failed to write to serial port /dev/ttyS0 - 0xEB 0x00 0x00 0x00 0x13 0x07 0x0D 0x01 0x05 0xF5 0xE1 0x00 0x00 0x00 0x00 0x00 0x00 0x00 0x00 0x00 0x00 0x00 0x00 0x00
15:44:31     0301 - Requested speed command 
15:44:31 ERR 1303 - Failed to send command to DCE - failed to write to serial port /dev/ttyS0 - 0xEB 0x00 0x00 0x00 0x0B 0x07 0x0A 0x01 0x00 0x05 0x00 0x00 0x00 0x00 0x00 0x00
15:44:54     0301 - Requested speed command 
15:44:54 ERR 1303 - Failed to send command to DCE - failed to write to serial port /dev/ttyS0 - 0xEB 0x00 0x00 0x00 0x0B 0x07 0x0A 0x01 0x00 0x05 0x00 0x00 0x00 0x00 0x00 0x00
15:45:04     0301 - Requested speed command 
15:45:04 ERR 1303 - Failed to send command to DCE - failed to write to serial port /dev/ttyS0 - 0xEB 0x00 0x00 0x00 0x0B 0x07 0x0A 0x01 0x00 0x05 0x00 0x00 0x00 0x00 0x00 0x00
15:45:27     0301 - Requested speed command 
15:45:27 ERR 1303 - Failed to send command to DCE - failed to write to serial port /dev/ttyS0 - 0xEB 0x00 0x00 0x00 0x0B 0x07 0x0A 0x01 0x00 0x05 0x00 0x00 0x00 0x00 0x00 0x00
15:46:18     0301 - Requested speed command 
15:46:18 ERR 1303 - Failed to send command to DCE - failed to open serial port /dev/ttyS0 - 0xEB 0x00 0x00 0x00 0x0B 0x07 0x0A 0x01 0x00 0x05 0x00 0x00 0x00 0x00 0x00 0x00
15:47:12     0301 - Requested speed command 
15:47:12 ERR 1303 - Failed to send command to DCE - failed to open serial port /dev/ttyS0 - 0xEB 0x00 0x00 0x00 0x0B 0x07 0x0A 0x01 0x00 0x05 0x00 0x00 0x00 0x00 0x00 0x00
