Experiment 0
2024-04-12
12:03:40
0 other experiment(s) run today


12:48:35     0300 - Requested torque command 
12:48:35 ERR 1303 - Failed to send command to DCE  - failed to open serial port /dev/ttyS0 - 0xEB 0x00 0x00 0x00 0x13 0x07 0x0D 0x01 0x47 0x86 0x8C 0x00 0x00 0x00 0x00 0x00 0x00 0x00 0x00 0x00 0x00 0x00 0x00 0x00 
12:49:24     0300 - Requested torque command 
12:49:24 ERR 1300 - Failed to generate torque command  - requested wheel torque is out of operational limits
12:50:43     0300 - Requested torque command 
12:50:43 ERR 1300 - Failed to generate torque command  - requested wheel torque is out of operational limits - 122222
12:50:51     0300 - Requested torque command 
12:50:51 ERR 1303 - Failed to send command to DCE  - failed to open serial port /dev/ttyS0 - 0xEB 0x00 0x00 0x00 0x13 0x07 0x0D 0x04 0x00 0x00 0x00 0x00 0x00 0x00 0x00 0x00 0x00 0x00 0x00 0x00 0x47 0x86 0x8C 0x00 
12:50:55     0300 - Requested torque command 
12:50:55 ERR 1300 - Failed to generate torque command  - wheel selected improperly - 5
12:51:03     0301 - Requested speed command 
12:51:03 ERR 1301 - Failed to generate speed command  - wheel selected incorrectly - 5
12:51:09     0301 - Requested speed command 
12:51:09 ERR 1301 - Failed to generate speed command  - requested wheel rate is out of operational limits - 122222
12:51:41     0301 - Requested speed command 
12:51:41 ERR 1301 - Failed to generate speed command - requested wheel rate is out of operational limits - 122222
