19:35:31     0000 - Experiment start 
19:35:31     0300 - Requested torque command 
19:35:31     0303 - Successfully sent command to DCE - 0xEB 0x00 0x00 0x00 0x13 0x07 0x0D 0x01 0x05 0xF5 0xE1 0x00 0x00 0x00 0x00 0x00 0x00 0x00 0x00 0x00 0x00 0x00 0x00 0x00
19:35:41     0302 - Requested read command 
19:35:41     0303 - Successfully sent command to DCE - 0xED 0x04 0x89 0x00 0x10
19:35:41     0304 - Successfully recieved data from DCE - 0xED 0x04 0x89 0x00 0x10
19:35:41     0301 - Requested speed command 
19:35:41     0303 - Successfully sent command to DCE - 0xEB 0x00 0x00 0x00 0x0B 0x07 0x0A 0x01 0x00 0x00 0x00 0x00 0x00 0x00 0x00 0x00
19:35:41     0001 - Experiment end 
19:37:10     0000 - Experiment start 
19:37:10     0300 - Requested torque command 
19:37:10     0303 - Successfully sent command to DCE - 0xEB 0x00 0x00 0x00 0x13 0x07 0x0D 0x01 0x05 0xF5 0xE1 0x00 0x00 0x00 0x00 0x00 0x00 0x00 0x00 0x00 0x00 0x00 0x00 0x00
19:37:20     0302 - Requested read command 
19:37:20     0303 - Successfully sent command to DCE - 0xED 0x04 0x89 0x00 0x10
19:37:20     0304 - Successfully recieved data from DCE - 0xED 0x04 0x89 0x00 0x10
19:37:34     0000 - Experiment start 
19:37:34     0301 - Requested speed command 
19:37:34     0303 - Successfully sent command to DCE - 0xEB 0x00 0x00 0x00 0x0B 0x07 0x0A 0x01 0x00 0x00 0x00 0x00 0x00 0x00 0x00 0x00
19:38:58     0000 - Experiment start 
19:38:58     0302 - Requested read command 
19:38:58     0303 - Successfully sent command to DCE - 0xED 0x04 0x89 0x00 0x10
19:38:58     0304 - Successfully recieved data from DCE - 0xED 0x04 0x89 0x00 0x10
19:38:58     0301 - Requested speed command 
19:38:58     0303 - Successfully sent command to DCE - 0xEB 0x00 0x00 0x00 0x0B 0x07 0x0A 0x01 0x00 0x00 0x00 0x00 0x00 0x00 0x00 0x00
19:38:58     0001 - Experiment end 
19:39:39     0000 - Experiment start 
19:39:39     0302 - Requested read command 
19:39:39     0303 - Successfully sent command to DCE - 0xED 0x04 0x89 0x00 0x10
19:39:39     0304 - Successfully recieved data from DCE - 0xED 0x04 0x89 0x00 0x10
19:40:08     0000 - Experiment start 
19:40:08     0302 - Requested read command 
19:40:08     0303 - Successfully sent command to DCE - 0xED 0x04 0x89 0x00 0x10
19:40:08     0304 - Successfully recieved data from DCE - 0xED 0x04 0x89 0x00 0x10
19:40:08     0301 - Requested speed command 
19:40:08     0303 - Successfully sent command to DCE - 0xEB 0x00 0x00 0x00 0x0B 0x07 0x0A 0x01 0x00 0x00 0x00 0x00 0x00 0x00 0x00 0x00
19:40:08     0001 - Experiment end 
19:40:38     0000 - Experiment start 
19:40:38     0301 - Requested speed command 
19:40:38     0303 - Successfully sent command to DCE - 0xEB 0x00 0x00 0x00 0x0B 0x07 0x0A 0x01 0x00 0x00 0x00 0x00 0x00 0x00 0x00 0x00
19:40:38     0302 - Requested read command 
19:40:38     0303 - Successfully sent command to DCE - 0xED 0x04 0x89 0x00 0x10
19:40:38     0304 - Successfully recieved data from DCE - 0xED 0x04 0x89 0x00 0x10
19:40:38     0301 - Requested speed command 
19:40:38     0303 - Successfully sent command to DCE - 0xEB 0x00 0x00 0x00 0x0B 0x07 0x0A 0x01 0x00 0x00 0x00 0x00 0x00 0x00 0x00 0x00
19:40:38     0001 - Experiment end 
19:40:46     0000 - Experiment start 
19:40:46     0301 - Requested speed command 
19:40:46     0303 - Successfully sent command to DCE - 0xEB 0x00 0x00 0x00 0x0B 0x07 0x0A 0x01 0x00 0x00 0x00 0x00 0x00 0x00 0x00 0x00
19:41:06     0000 - Experiment start 
19:41:06     0300 - Requested torque command 
19:41:06     0303 - Successfully sent command to DCE - 0xEB 0x00 0x00 0x00 0x13 0x07 0x0D 0x01 0x05 0xF5 0xE1 0x00 0x00 0x00 0x00 0x00 0x00 0x00 0x00 0x00 0x00 0x00 0x00 0x00
19:41:16     0302 - Requested read command 
19:41:16     0303 - Successfully sent command to DCE - 0xED 0x04 0x89 0x00 0x10
19:41:16     0304 - Successfully recieved data from DCE - 0xED 0x04 0x89 0x00 0x10
19:41:16     0301 - Requested speed command 
19:41:16     0303 - Successfully sent command to DCE - 0xEB 0x00 0x00 0x00 0x0B 0x07 0x0A 0x01 0x00 0x00 0x00 0x00 0x00 0x00 0x00 0x00
19:41:16     0001 - Experiment end 
19:45:34     0000 - Experiment start 
19:45:34     0300 - Requested torque command 
19:45:34     0303 - Successfully sent command to DCE - 0xEB 0x00 0x00 0x00 0x13 0x07 0x0D 0x01 0x05 0xF5 0xE1 0x00 0x00 0x00 0x00 0x00 0x00 0x00 0x00 0x00 0x00 0x00 0x00 0x00
19:45:44     0302 - Requested read command 
19:45:44     0303 - Successfully sent command to DCE - 0xED 0x04 0x89 0x00 0x10
19:45:44     0304 - Successfully recieved data from DCE - 0xED 0x04 0x89 0x00 0x10
19:45:44     0301 - Requested speed command 
19:45:44     0303 - Successfully sent command to DCE - 0xEB 0x00 0x00 0x00 0x0B 0x07 0x0A 0x01 0x00 0x00 0x00 0x00 0x00 0x00 0x00 0x00
19:45:45     0001 - Experiment end 
19:56:22     0000 - Experiment start 
19:56:22     0300 - Requested torque command 
19:56:22     0303 - Successfully sent command to DCE - 0xEB 0x00 0x00 0x00 0x13 0x07 0x0D 0x01 0x05 0xF5 0xE1 0x00 0x00 0x00 0x00 0x00 0x00 0x00 0x00 0x00 0x00 0x00 0x00 0x00
19:56:33     0302 - Requested read command 
19:56:33     0303 - Successfully sent command to DCE - 0xED 0x04 0x69 0x00 0x10
19:56:33     0304 - Successfully recieved data from DCE - 0xED 0x04 0x69 0x00 0x10
19:56:33     0301 - Requested speed command 
19:56:33     0303 - Successfully sent command to DCE - 0xEB 0x00 0x00 0x00 0x0B 0x07 0x0A 0x01 0x00 0x00 0x00 0x00 0x00 0x00 0x00 0x00
19:56:33     0001 - Experiment end 
